2023-09-21 10:43:02,971 - pika.adapters.utils.connection_workflow - INFO - Pika version 1.3.2 connecting to ('172.22.0.2', 5672)
2023-09-21 10:43:02,974 - pika.adapters.utils.io_services_utils - INFO - Socket connected: <socket.socket fd=7, family=2, type=1, proto=6, laddr=('172.22.0.3', 38754), raddr=('172.22.0.2', 5672)>
2023-09-21 10:43:02,975 - pika.adapters.utils.connection_workflow - INFO - Streaming transport linked up: (<pika.adapters.utils.io_services_utils._AsyncPlaintextTransport object at 0x7fc08431e610>, _StreamingProtocolShim: <SelectConnection PROTOCOL transport=<pika.adapters.utils.io_services_utils._AsyncPlaintextTransport object at 0x7fc08431e610> params=<ConnectionParameters host=broker port=5672 virtual_host=/ ssl=False>>).
2023-09-21 10:43:03,029 - pika.adapters.utils.connection_workflow - INFO - AMQPConnector - reporting success: <SelectConnection OPEN transport=<pika.adapters.utils.io_services_utils._AsyncPlaintextTransport object at 0x7fc08431e610> params=<ConnectionParameters host=broker port=5672 virtual_host=/ ssl=False>>
2023-09-21 10:43:03,029 - pika.adapters.utils.connection_workflow - INFO - AMQPConnectionWorkflow - reporting success: <SelectConnection OPEN transport=<pika.adapters.utils.io_services_utils._AsyncPlaintextTransport object at 0x7fc08431e610> params=<ConnectionParameters host=broker port=5672 virtual_host=/ ssl=False>>
2023-09-21 10:43:03,030 - pika.adapters.blocking_connection - INFO - Connection workflow succeeded: <SelectConnection OPEN transport=<pika.adapters.utils.io_services_utils._AsyncPlaintextTransport object at 0x7fc08431e610> params=<ConnectionParameters host=broker port=5672 virtual_host=/ ssl=False>>
2023-09-21 10:43:03,030 - __main__ - INFO - [x] Connected to RabbitMQ
2023-09-21 10:43:03,031 - pika.adapters.blocking_connection - INFO - Created channel=1
2023-09-21 10:43:03,086 - __main__ - INFO - [x] Declared queue rpc_queue
2023-09-21 10:43:03,087 - __main__ - INFO - [x] Awaiting RPC requests
2023-09-21 10:43:03,090 - __main__ - INFO - [x] Awaiting RPC requests
2023-09-21 10:43:03,090 - __main__ - INFO -  [.] fib(30)
2023-09-21 10:43:08,555 - __main__ - INFO -  [.] fib(30)
2023-09-21 10:43:14,023 - __main__ - INFO -  [.] fib(30)
2023-09-21 10:43:19,419 - __main__ - INFO -  [.] fib(30)
2023-09-21 10:43:24,836 - __main__ - INFO -  [.] fib(30)
2023-09-21 10:43:30,198 - __main__ - INFO -  [.] fib(30)
2023-09-21 10:43:35,562 - __main__ - INFO -  [.] fib(30)
2023-09-21 10:43:41,011 - __main__ - INFO -  [.] fib(30)
2023-09-21 10:43:46,365 - __main__ - INFO -  [.] fib(30)
2023-09-21 10:43:51,819 - __main__ - INFO -  [.] fib(30)
2023-09-21 10:43:57,245 - __main__ - INFO -  [.] fib(30)
2023-09-21 10:44:02,698 - __main__ - INFO -  [.] fib(30)
2023-09-21 10:44:08,075 - __main__ - INFO -  [.] fib(30)
2023-09-21 10:44:13,397 - __main__ - INFO -  [.] fib(30)
2023-09-21 10:44:18,742 - __main__ - INFO -  [.] fib(30)
2023-09-21 10:44:24,084 - __main__ - INFO -  [.] fib(30)
2023-09-21 10:44:29,480 - __main__ - INFO -  [.] fib(30)
2023-09-21 10:44:34,908 - __main__ - INFO -  [.] fib(30)
2023-09-21 10:44:40,410 - __main__ - INFO -  [.] fib(30)
2023-09-21 10:44:45,775 - __main__ - INFO -  [.] fib(30)
2023-09-21 10:44:51,159 - __main__ - INFO -  [.] fib(30)
2023-09-21 10:44:56,532 - __main__ - INFO -  [.] fib(30)
2023-09-21 10:45:01,895 - __main__ - INFO -  [.] fib(30)
2023-09-21 10:45:07,232 - __main__ - INFO -  [.] fib(30)
2023-09-21 10:45:12,597 - __main__ - INFO -  [.] fib(30)
2023-09-21 10:45:17,890 - __main__ - INFO -  [.] fib(30)
2023-09-21 10:45:23,332 - __main__ - INFO -  [.] fib(30)
2023-09-21 10:45:28,610 - __main__ - INFO -  [.] fib(30)
2023-09-21 10:45:33,942 - __main__ - INFO -  [.] fib(30)
2023-09-21 10:45:39,302 - __main__ - INFO -  [.] fib(30)
2023-09-21 10:45:44,652 - __main__ - INFO -  [.] fib(30)
2023-09-21 10:45:49,975 - __main__ - INFO -  [.] fib(30)
2023-09-21 10:45:55,299 - __main__ - INFO -  [.] fib(30)
2023-09-21 10:46:00,737 - __main__ - INFO -  [.] fib(30)
2023-09-21 10:46:06,535 - __main__ - INFO -  [.] fib(30)
2023-09-21 10:46:11,876 - __main__ - INFO -  [.] fib(30)
2023-09-21 10:46:17,284 - __main__ - INFO -  [.] fib(30)
2023-09-21 10:46:22,576 - __main__ - INFO -  [.] fib(30)
2023-09-21 10:46:27,948 - __main__ - INFO -  [.] fib(30)
2023-09-21 10:46:33,563 - __main__ - INFO -  [.] fib(30)
2023-09-21 10:46:38,824 - __main__ - INFO -  [.] fib(30)
2023-09-21 10:46:44,178 - __main__ - INFO -  [.] fib(30)
2023-09-21 10:46:49,572 - __main__ - INFO -  [.] fib(30)
2023-09-21 10:46:54,824 - __main__ - INFO -  [.] fib(30)
2023-09-21 10:47:00,153 - __main__ - INFO -  [.] fib(30)
2023-09-21 10:47:05,454 - __main__ - INFO -  [.] fib(30)
2023-09-21 10:47:10,819 - __main__ - INFO -  [.] fib(30)
2023-09-21 10:47:16,198 - __main__ - INFO -  [.] fib(30)
2023-09-21 10:47:21,485 - __main__ - INFO -  [.] fib(30)
2023-09-21 10:47:26,793 - __main__ - INFO -  [.] fib(30)
2023-09-21 10:47:32,183 - __main__ - INFO -  [.] fib(30)
2023-09-21 10:47:37,548 - __main__ - INFO -  [.] fib(30)
